  Source.cpp
Source.cpp(81): warning C4244: '引数': 'double' から 'unsigned __int64' への変換です。データが失われる可能性があります。
Source.cpp(82): warning C4244: '引数': 'double' から 'unsigned __int64' への変換です。データが失われる可能性があります。
Source.cpp(83): warning C4244: '引数': 'double' から 'unsigned __int64' への変換です。データが失われる可能性があります。
Source.cpp(84): warning C4244: '引数': 'double' から 'unsigned __int64' への変換です。データが失われる可能性があります。
Source.cpp(87): warning C4101: 'fp': ローカル変数は 1 度も使われていません。
Source.cpp(88): warning C4101: 'str': ローカル変数は 1 度も使われていません。
Source.cpp(210): warning C4101: 'i': ローカル変数は 1 度も使われていません。
Source.cpp(447): warning C4244: '引数': 'double' から 'unsigned __int64' への変換です。データが失われる可能性があります。
Source.cpp(448): warning C4244: '引数': 'double' から 'unsigned __int64' への変換です。データが失われる可能性があります。
Source.cpp(449): warning C4244: '引数': 'double' から 'unsigned __int64' への変換です。データが失われる可能性があります。
Source.cpp(450): warning C4244: '引数': 'double' から 'unsigned __int64' への変換です。データが失われる可能性があります。
Source.cpp(452): warning C4244: '引数': 'double' から 'unsigned __int64' への変換です。データが失われる可能性があります。
Source.cpp(402): warning C4101: 'm2': ローカル変数は 1 度も使われていません。
Source.cpp(403): warning C4101: 'k': ローカル変数は 1 度も使われていません。
Source.cpp(402): warning C4101: 'n2': ローカル変数は 1 度も使われていません。
  コード生成しています。
  12 of 389 functions ( 3.1%) were compiled, the rest were copied from previous compilation.
    0 functions were new in current compilation
    5 functions had inline decision re-evaluated but remain unchanged
  コード生成が終了しました。
  CG_Matrix.vcxproj -> C:\Users\student\Documents\Visual Studio 2015\Projects\CG_Matrix\x64\Release\CG_Matrix.exe
  CG_Matrix.vcxproj -> C:\Users\student\Documents\Visual Studio 2015\Projects\CG_Matrix\x64\Release\CG_Matrix.pdb (Full PDB)
